
################################################################
[1m[32mInstall script for stable-diffusion + Web UI
[1m[34mTested on Debian 11 (Bullseye), Fedora 34+ and openSUSE Leap 15.4 or newer.[0m
################################################################

################################################################
Running on [1m[32mmateus[0m user
################################################################

################################################################
Repo already cloned, using it as install directory
################################################################

################################################################
Create and activate python venv
################################################################

################################################################
Launching launch.py...
################################################################
Python 3.10.19 (main, Oct  9 2025, 15:25:03) [Clang 17.0.0 (clang-1700.0.13.3)]
Version: v1.10.1
Commit hash: 82a973c04367123ae98bd9abdf80d9eda9b910e2
Launching Web UI with arguments: '--skip-torch-cuda-test --upcast-sampling --no-half-vae --use-cpu interrogate --disable-nan-check' --skip-torch-cuda-test --upcast-sampling --no-half-vae --disable-nan-check
/Volumes/Expansion/----- PESSOAL -----/PYTHON/stable-diffusion-webui/venv/lib/python3.10/site-packages/timm/models/layers/__init__.py:48: FutureWarning: Importing from timm.models.layers is deprecated, please import via timm.layers
  warnings.warn(f"Importing from {__name__} is deprecated, please import via timm.layers", FutureWarning)
no module 'xformers'. Processing without...
no module 'xformers'. Processing without...
usage: launch.py [-h] [--update-all-extensions] [--skip-python-version-check]
                 [--skip-torch-cuda-test] [--reinstall-xformers]
                 [--reinstall-torch] [--update-check] [--test-server]
                 [--log-startup] [--skip-prepare-environment] [--skip-install]
                 [--dump-sysinfo] [--loglevel LOGLEVEL]
                 [--do-not-download-clip] [--data-dir DATA_DIR]
                 [--models-dir MODELS_DIR] [--config CONFIG] [--ckpt CKPT]
                 [--ckpt-dir CKPT_DIR] [--vae-dir VAE_DIR]
                 [--gfpgan-dir GFPGAN_DIR] [--gfpgan-model GFPGAN_MODEL]
                 [--no-half] [--no-half-vae] [--no-progressbar-hiding]
                 [--max-batch-count MAX_BATCH_COUNT]
                 [--embeddings-dir EMBEDDINGS_DIR]
                 [--textual-inversion-templates-dir TEXTUAL_INVERSION_TEMPLATES_DIR]
                 [--hypernetwork-dir HYPERNETWORK_DIR]
                 [--localizations-dir LOCALIZATIONS_DIR] [--allow-code]
                 [--medvram] [--medvram-sdxl] [--lowvram] [--lowram]
                 [--always-batch-cond-uncond] [--unload-gfpgan]
                 [--precision {full,half,autocast}] [--upcast-sampling]
                 [--share] [--ngrok NGROK] [--ngrok-region NGROK_REGION]
                 [--ngrok-options NGROK_OPTIONS]
                 [--enable-insecure-extension-access]
                 [--codeformer-models-path CODEFORMER_MODELS_PATH]
                 [--gfpgan-models-path GFPGAN_MODELS_PATH]
                 [--esrgan-models-path ESRGAN_MODELS_PATH]
                 [--bsrgan-models-path BSRGAN_MODELS_PATH]
                 [--realesrgan-models-path REALESRGAN_MODELS_PATH]
                 [--dat-models-path DAT_MODELS_PATH]
                 [--clip-models-path CLIP_MODELS_PATH] [--xformers]
                 [--force-enable-xformers] [--xformers-flash-attention]
                 [--deepdanbooru] [--opt-split-attention]
                 [--opt-sub-quad-attention]
                 [--sub-quad-q-chunk-size SUB_QUAD_Q_CHUNK_SIZE]
                 [--sub-quad-kv-chunk-size SUB_QUAD_KV_CHUNK_SIZE]
                 [--sub-quad-chunk-threshold SUB_QUAD_CHUNK_THRESHOLD]
                 [--opt-split-attention-invokeai] [--opt-split-attention-v1]
                 [--opt-sdp-attention] [--opt-sdp-no-mem-attention]
                 [--disable-opt-split-attention] [--disable-nan-check]
                 [--use-cpu USE_CPU [USE_CPU ...]] [--use-ipex]
                 [--disable-model-loading-ram-optimization] [--listen]
                 [--port PORT] [--show-negative-prompt]
                 [--ui-config-file UI_CONFIG_FILE] [--hide-ui-dir-config]
                 [--freeze-settings]
                 [--freeze-settings-in-sections FREEZE_SETTINGS_IN_SECTIONS]
                 [--freeze-specific-settings FREEZE_SPECIFIC_SETTINGS]
                 [--ui-settings-file UI_SETTINGS_FILE] [--gradio-debug]
                 [--gradio-auth GRADIO_AUTH]
                 [--gradio-auth-path GRADIO_AUTH_PATH]
                 [--gradio-img2img-tool GRADIO_IMG2IMG_TOOL]
                 [--gradio-inpaint-tool GRADIO_INPAINT_TOOL]
                 [--gradio-allowed-path GRADIO_ALLOWED_PATH]
                 [--opt-channelslast] [--styles-file STYLES_FILE]
                 [--autolaunch] [--theme THEME] [--use-textbox-seed]
                 [--disable-console-progressbars] [--enable-console-prompts]
                 [--vae-path VAE_PATH] [--disable-safe-unpickle] [--api]
                 [--api-auth API_AUTH] [--api-log] [--nowebui]
                 [--ui-debug-mode] [--device-id DEVICE_ID] [--administrator]
                 [--cors-allow-origins CORS_ALLOW_ORIGINS]
                 [--cors-allow-origins-regex CORS_ALLOW_ORIGINS_REGEX]
                 [--tls-keyfile TLS_KEYFILE] [--tls-certfile TLS_CERTFILE]
                 [--disable-tls-verify] [--server-name SERVER_NAME]
                 [--gradio-queue] [--no-gradio-queue] [--skip-version-check]
                 [--no-hashing] [--no-download-sd-model] [--subpath SUBPATH]
                 [--add-stop-route] [--api-server-stop]
                 [--timeout-keep-alive TIMEOUT_KEEP_ALIVE]
                 [--disable-all-extensions] [--disable-extra-extensions]
                 [--skip-load-model-at-start] [--unix-filenames-sanitization]
                 [--filenames-max-length FILENAMES_MAX_LENGTH]
                 [--no-prompt-history] [--ldsr-models-path LDSR_MODELS_PATH]
                 [--lora-dir LORA_DIR]
                 [--lyco-dir-backcompat LYCO_DIR_BACKCOMPAT]
                 [--scunet-models-path SCUNET_MODELS_PATH]
                 [--swinir-models-path SWINIR_MODELS_PATH]
launch.py: error: unrecognized arguments: --skip-torch-cuda-test --upcast-sampling --no-half-vae --use-cpu interrogate --disable-nan-check
